<?xml version="1.0" encoding="UTF-8"?>
<!-- Generated by org.testng.reporters.JUnitXMLReporter -->
<testsuite ignored="0" hostname="Syeds" failures="0" tests="4" name="Test" time="21.312" errors="0" timestamp="2021-06-07T23:05:43 IST">
  <testcase classname="Academy.ValidatingTitleNavBarTest" name="baseNavPage" time="0.123"/>
  <testcase classname="Academy.HomePageTest" name="baseNavPage" time="4.262"/>
  <testcase classname="Academy.HomePageTest" name="baseNavPage" time="2.688"/>
  <testcase classname="Academy.ValidatingTitleTest" name="baseNavPage" time="0.049"/>
</testsuite> <!-- Test -->
