<?xml version="1.0" encoding="UTF-8"?>
<!-- Generated by org.testng.reporters.JUnitXMLReporter -->
<testsuite ignored="0" hostname="Syeds" failures="1" tests="1" name="Title Validation" time="5.452" errors="0" timestamp="2021-06-10T20:22:49 IST">
  <testcase classname="Academy.ValidatingTitleTest" name="baseNavPage" time="0.041">
    <failure type="java.lang.AssertionError" message="expected [INTERVIEW GUIDE] but found [HOME
COURSES
VIDEOS
INTERVIEW GUIDE
PRACTICE
BLOG
ABOUT
CONTACT]">
      <![CDATA[java.lang.AssertionError: expected [INTERVIEW GUIDE] but found [HOME
COURSES
VIDEOS
INTERVIEW GUIDE
PRACTICE
BLOG
ABOUT
CONTACT]
at Academy.ValidatingTitleTest.baseNavPage(ValidatingTitleTest.java:34)
at java.base/java.util.ArrayList.forEach(ArrayList.java:1511)
... Removed 33 stack frames]]>
    </failure>
  </testcase> <!-- baseNavPage -->
</testsuite> <!-- Title Validation -->
